{"level":"error","message":"Failed to get DLD access token:","service":"DLD_CLIENT","timestamp":"2025-05-30T18:06:14.921Z"}
{"level":"error","message":"DLD API request failed for /v1/market/summary:","service":"DLD_CLIENT","timestamp":"2025-05-30T18:06:14.922Z"}
{"level":"error","message":"Error fetching market summary:","service":"DLD_CLIENT","timestamp":"2025-05-30T18:06:14.922Z"}
{"level":"error","message":"Error scraping Bayut listings:","name":"Error","service":"BAYUT_ENHANCED","timestamp":"2025-05-30T18:06:14.940Z"}
{"level":"error","message":"Error getting market statistics:","name":"Error","service":"BAYUT_ENHANCED","timestamp":"2025-05-30T18:06:14.940Z"}
{"error":"browserType.launch: Executable doesn't exist at C:\\Users\\senth\\AppData\\Local\\ms-playwright\\chromium_headless_shell-1169\\chrome-win\\headless_shell.exe\n╔═════════════════════════════════════════════════════════════════════════╗\n║ Looks like Playwright Test or Playwright was just installed or updated. ║\n║ Please run the following command to download new browsers:              ║\n║                                                                         ║\n║     npx playwright install                                              ║\n║                                                                         ║\n║ <3 Playwright Team                                                      ║\n╚═════════════════════════════════════════════════════════════════════════╝","level":"error","message":"Failed to update Bayut data","service":"REAL_TIME_UPDATER","timestamp":"2025-05-30T18:06:14.941Z"}
{"level":"error","message":"Failed to get DLD access token:","service":"DLD_CLIENT","timestamp":"2025-05-30T18:06:15.924Z"}
{"level":"error","message":"DLD API request failed for /v1/analytics/top-areas:","service":"DLD_CLIENT","timestamp":"2025-05-30T18:06:15.925Z"}
{"level":"error","message":"Error fetching top areas:","service":"DLD_CLIENT","timestamp":"2025-05-30T18:06:15.925Z"}
{"level":"error","message":"Failed to get DLD access token:","service":"DLD_CLIENT","timestamp":"2025-05-30T18:06:16.936Z"}
{"level":"error","message":"DLD API request failed for /v1/analytics/top-developers:","service":"DLD_CLIENT","timestamp":"2025-05-30T18:06:16.937Z"}
{"level":"error","message":"Error fetching top developers:","service":"DLD_CLIENT","timestamp":"2025-05-30T18:06:16.937Z"}
{"level":"error","message":"Failed to get DLD access token:","service":"DLD_CLIENT","timestamp":"2025-05-30T18:15:00.779Z"}
{"level":"error","message":"DLD API request failed for /v1/market/summary:","service":"DLD_CLIENT","timestamp":"2025-05-30T18:15:00.779Z"}
{"level":"error","message":"Error fetching market summary:","service":"DLD_CLIENT","timestamp":"2025-05-30T18:15:00.780Z"}
{"level":"error","message":"Error scraping Bayut listings:","name":"Error","service":"BAYUT_ENHANCED","timestamp":"2025-05-30T18:15:00.786Z"}
{"level":"error","message":"Error getting market statistics:","name":"Error","service":"BAYUT_ENHANCED","timestamp":"2025-05-30T18:15:00.787Z"}
{"error":"browserType.launch: Executable doesn't exist at C:\\Users\\senth\\AppData\\Local\\ms-playwright\\chromium_headless_shell-1169\\chrome-win\\headless_shell.exe\n╔═════════════════════════════════════════════════════════════════════════╗\n║ Looks like Playwright Test or Playwright was just installed or updated. ║\n║ Please run the following command to download new browsers:              ║\n║                                                                         ║\n║     npx playwright install                                              ║\n║                                                                         ║\n║ <3 Playwright Team                                                      ║\n╚═════════════════════════════════════════════════════════════════════════╝","level":"error","message":"Failed to update Bayut data","service":"REAL_TIME_UPDATER","timestamp":"2025-05-30T18:15:00.788Z"}
{"level":"error","message":"Failed to get DLD access token:","service":"DLD_CLIENT","timestamp":"2025-05-30T18:15:01.782Z"}
{"level":"error","message":"DLD API request failed for /v1/analytics/top-areas:","service":"DLD_CLIENT","timestamp":"2025-05-30T18:15:01.783Z"}
{"level":"error","message":"Error fetching top areas:","service":"DLD_CLIENT","timestamp":"2025-05-30T18:15:01.783Z"}
{"level":"error","message":"Failed to get DLD access token:","service":"DLD_CLIENT","timestamp":"2025-05-30T18:15:02.787Z"}
{"level":"error","message":"DLD API request failed for /v1/analytics/top-developers:","service":"DLD_CLIENT","timestamp":"2025-05-30T18:15:02.787Z"}
{"level":"error","message":"Error fetching top developers:","service":"DLD_CLIENT","timestamp":"2025-05-30T18:15:02.787Z"}
{"developerName":"list","error":"dataCollector.getLatestData is not a function","level":"error","message":"Error fetching developer details","service":"DEVELOPER_ROUTES","timestamp":"2025-05-30T18:16:05.520Z"}
{"level":"error","message":"Failed to get DLD access token:","service":"DLD_CLIENT","timestamp":"2025-05-30T18:30:00.073Z"}
{"level":"error","message":"DLD API request failed for /v1/market/summary:","service":"DLD_CLIENT","timestamp":"2025-05-30T18:30:00.075Z"}
{"level":"error","message":"Error fetching market summary:","service":"DLD_CLIENT","timestamp":"2025-05-30T18:30:00.075Z"}
{"level":"error","message":"Error scraping Bayut listings:","name":"Error","service":"BAYUT_ENHANCED","timestamp":"2025-05-30T18:30:00.099Z"}
{"level":"error","message":"Error getting market statistics:","name":"Error","service":"BAYUT_ENHANCED","timestamp":"2025-05-30T18:30:00.099Z"}
{"error":"browserType.launch: Executable doesn't exist at C:\\Users\\senth\\AppData\\Local\\ms-playwright\\chromium_headless_shell-1169\\chrome-win\\headless_shell.exe\n╔═════════════════════════════════════════════════════════════════════════╗\n║ Looks like Playwright Test or Playwright was just installed or updated. ║\n║ Please run the following command to download new browsers:              ║\n║                                                                         ║\n║     npx playwright install                                              ║\n║                                                                         ║\n║ <3 Playwright Team                                                      ║\n╚═════════════════════════════════════════════════════════════════════════╝","level":"error","message":"Failed to update Bayut data","service":"REAL_TIME_UPDATER","timestamp":"2025-05-30T18:30:00.100Z"}
{"level":"error","message":"Failed to get DLD access token:","service":"DLD_CLIENT","timestamp":"2025-05-30T18:30:01.062Z"}
{"level":"error","message":"DLD API request failed for /v1/analytics/top-areas:","service":"DLD_CLIENT","timestamp":"2025-05-30T18:30:01.062Z"}
{"level":"error","message":"Error fetching top areas:","service":"DLD_CLIENT","timestamp":"2025-05-30T18:30:01.063Z"}
{"level":"error","message":"Failed to get DLD access token:","service":"DLD_CLIENT","timestamp":"2025-05-30T18:30:02.073Z"}
{"level":"error","message":"DLD API request failed for /v1/analytics/top-developers:","service":"DLD_CLIENT","timestamp":"2025-05-30T18:30:02.073Z"}
{"level":"error","message":"Error fetching top developers:","service":"DLD_CLIENT","timestamp":"2025-05-30T18:30:02.074Z"}
{"level":"error","message":"Failed to get DLD access token:","service":"DLD_CLIENT","timestamp":"2025-05-30T18:45:00.588Z"}
{"level":"error","message":"DLD API request failed for /v1/market/summary:","service":"DLD_CLIENT","timestamp":"2025-05-30T18:45:00.589Z"}
{"level":"error","message":"Error fetching market summary:","service":"DLD_CLIENT","timestamp":"2025-05-30T18:45:00.590Z"}
{"level":"error","message":"Error scraping Bayut listings:","name":"Error","service":"BAYUT_ENHANCED","timestamp":"2025-05-30T18:45:00.594Z"}
{"level":"error","message":"Error getting market statistics:","name":"Error","service":"BAYUT_ENHANCED","timestamp":"2025-05-30T18:45:00.595Z"}
{"error":"browserType.launch: Executable doesn't exist at C:\\Users\\senth\\AppData\\Local\\ms-playwright\\chromium_headless_shell-1169\\chrome-win\\headless_shell.exe\n╔═════════════════════════════════════════════════════════════════════════╗\n║ Looks like Playwright Test or Playwright was just installed or updated. ║\n║ Please run the following command to download new browsers:              ║\n║                                                                         ║\n║     npx playwright install                                              ║\n║                                                                         ║\n║ <3 Playwright Team                                                      ║\n╚═════════════════════════════════════════════════════════════════════════╝","level":"error","message":"Failed to update Bayut data","service":"REAL_TIME_UPDATER","timestamp":"2025-05-30T18:45:00.596Z"}
{"level":"error","message":"Failed to get DLD access token:","service":"DLD_CLIENT","timestamp":"2025-05-30T18:45:01.599Z"}
{"level":"error","message":"DLD API request failed for /v1/analytics/top-areas:","service":"DLD_CLIENT","timestamp":"2025-05-30T18:45:01.600Z"}
{"level":"error","message":"Error fetching top areas:","service":"DLD_CLIENT","timestamp":"2025-05-30T18:45:01.600Z"}
{"level":"error","message":"Failed to get DLD access token:","service":"DLD_CLIENT","timestamp":"2025-05-30T18:45:02.601Z"}
{"level":"error","message":"DLD API request failed for /v1/analytics/top-developers:","service":"DLD_CLIENT","timestamp":"2025-05-30T18:45:02.601Z"}
{"level":"error","message":"Error fetching top developers:","service":"DLD_CLIENT","timestamp":"2025-05-30T18:45:02.602Z"}
{"level":"error","message":"Failed to get DLD access token:","service":"DLD_CLIENT","timestamp":"2025-05-30T19:00:00.116Z"}
{"level":"error","message":"DLD API request failed for /v1/market/summary:","service":"DLD_CLIENT","timestamp":"2025-05-30T19:00:00.116Z"}
{"level":"error","message":"Error fetching market summary:","service":"DLD_CLIENT","timestamp":"2025-05-30T19:00:00.117Z"}
{"level":"error","message":"Error scraping Bayut listings:","name":"Error","service":"BAYUT_ENHANCED","timestamp":"2025-05-30T19:00:00.124Z"}
{"level":"error","message":"Error getting market statistics:","name":"Error","service":"BAYUT_ENHANCED","timestamp":"2025-05-30T19:00:00.124Z"}
{"error":"browserType.launch: Executable doesn't exist at C:\\Users\\senth\\AppData\\Local\\ms-playwright\\chromium_headless_shell-1169\\chrome-win\\headless_shell.exe\n╔═════════════════════════════════════════════════════════════════════════╗\n║ Looks like Playwright Test or Playwright was just installed or updated. ║\n║ Please run the following command to download new browsers:              ║\n║                                                                         ║\n║     npx playwright install                                              ║\n║                                                                         ║\n║ <3 Playwright Team                                                      ║\n╚═════════════════════════════════════════════════════════════════════════╝","level":"error","message":"Failed to update Bayut data","service":"REAL_TIME_UPDATER","timestamp":"2025-05-30T19:00:00.126Z"}
{"level":"error","message":"Failed to get DLD access token:","service":"DLD_CLIENT","timestamp":"2025-05-30T19:00:01.115Z"}
{"level":"error","message":"DLD API request failed for /v1/analytics/top-areas:","service":"DLD_CLIENT","timestamp":"2025-05-30T19:00:01.115Z"}
{"level":"error","message":"Error fetching top areas:","service":"DLD_CLIENT","timestamp":"2025-05-30T19:00:01.116Z"}
{"level":"error","message":"Failed to get DLD access token:","service":"DLD_CLIENT","timestamp":"2025-05-30T19:00:02.117Z"}
{"level":"error","message":"DLD API request failed for /v1/analytics/top-developers:","service":"DLD_CLIENT","timestamp":"2025-05-30T19:00:02.118Z"}
{"level":"error","message":"Error fetching top developers:","service":"DLD_CLIENT","timestamp":"2025-05-30T19:00:02.118Z"}
{"level":"error","message":"Failed to get DLD access token:","service":"DLD_CLIENT","timestamp":"2025-05-30T19:15:00.444Z"}
{"level":"error","message":"DLD API request failed for /v1/market/summary:","service":"DLD_CLIENT","timestamp":"2025-05-30T19:15:00.445Z"}
{"level":"error","message":"Error fetching market summary:","service":"DLD_CLIENT","timestamp":"2025-05-30T19:15:00.445Z"}
{"level":"error","message":"Error scraping Bayut listings:","name":"Error","service":"BAYUT_ENHANCED","timestamp":"2025-05-30T19:15:00.449Z"}
{"level":"error","message":"Error getting market statistics:","name":"Error","service":"BAYUT_ENHANCED","timestamp":"2025-05-30T19:15:00.449Z"}
{"error":"browserType.launch: Executable doesn't exist at C:\\Users\\senth\\AppData\\Local\\ms-playwright\\chromium_headless_shell-1169\\chrome-win\\headless_shell.exe\n╔═════════════════════════════════════════════════════════════════════════╗\n║ Looks like Playwright Test or Playwright was just installed or updated. ║\n║ Please run the following command to download new browsers:              ║\n║                                                                         ║\n║     npx playwright install                                              ║\n║                                                                         ║\n║ <3 Playwright Team                                                      ║\n╚═════════════════════════════════════════════════════════════════════════╝","level":"error","message":"Failed to update Bayut data","service":"REAL_TIME_UPDATER","timestamp":"2025-05-30T19:15:00.452Z"}
{"level":"error","message":"Failed to get DLD access token:","service":"DLD_CLIENT","timestamp":"2025-05-30T19:15:01.455Z"}
{"level":"error","message":"DLD API request failed for /v1/analytics/top-areas:","service":"DLD_CLIENT","timestamp":"2025-05-30T19:15:01.455Z"}
{"level":"error","message":"Error fetching top areas:","service":"DLD_CLIENT","timestamp":"2025-05-30T19:15:01.455Z"}
{"level":"error","message":"Failed to get DLD access token:","service":"DLD_CLIENT","timestamp":"2025-05-30T19:15:02.466Z"}
{"level":"error","message":"DLD API request failed for /v1/analytics/top-developers:","service":"DLD_CLIENT","timestamp":"2025-05-30T19:15:02.467Z"}
{"level":"error","message":"Error fetching top developers:","service":"DLD_CLIENT","timestamp":"2025-05-30T19:15:02.467Z"}
{"level":"error","message":"Failed to get DLD access token:","service":"DLD_CLIENT","timestamp":"2025-05-30T19:34:00.106Z"}
{"level":"error","message":"DLD API request failed for /v1/market/summary:","service":"DLD_CLIENT","timestamp":"2025-05-30T19:34:00.108Z"}
{"level":"error","message":"Error fetching market summary:","service":"DLD_CLIENT","timestamp":"2025-05-30T19:34:00.109Z"}
{"level":"error","message":"Error scraping Bayut listings:","name":"Error","service":"BAYUT_ENHANCED","timestamp":"2025-05-30T19:34:00.149Z"}
{"level":"error","message":"Error getting market statistics:","name":"Error","service":"BAYUT_ENHANCED","timestamp":"2025-05-30T19:34:00.150Z"}
{"error":"browserType.launch: Executable doesn't exist at C:\\Users\\senth\\AppData\\Local\\ms-playwright\\chromium_headless_shell-1169\\chrome-win\\headless_shell.exe\n╔═════════════════════════════════════════════════════════════════════════╗\n║ Looks like Playwright Test or Playwright was just installed or updated. ║\n║ Please run the following command to download new browsers:              ║\n║                                                                         ║\n║     npx playwright install                                              ║\n║                                                                         ║\n║ <3 Playwright Team                                                      ║\n╚═════════════════════════════════════════════════════════════════════════╝","level":"error","message":"Failed to update Bayut data","service":"REAL_TIME_UPDATER","timestamp":"2025-05-30T19:34:00.154Z"}
{"level":"error","message":"Failed to get DLD access token:","service":"DLD_CLIENT","timestamp":"2025-05-30T19:34:01.104Z"}
{"level":"error","message":"DLD API request failed for /v1/analytics/top-areas:","service":"DLD_CLIENT","timestamp":"2025-05-30T19:34:01.106Z"}
{"level":"error","message":"Error fetching top areas:","service":"DLD_CLIENT","timestamp":"2025-05-30T19:34:01.107Z"}
{"level":"error","message":"Failed to get DLD access token:","service":"DLD_CLIENT","timestamp":"2025-05-30T19:34:02.113Z"}
{"level":"error","message":"DLD API request failed for /v1/analytics/top-developers:","service":"DLD_CLIENT","timestamp":"2025-05-30T19:34:02.117Z"}
{"level":"error","message":"Error fetching top developers:","service":"DLD_CLIENT","timestamp":"2025-05-30T19:34:02.118Z"}
{"level":"error","message":"Failed to get DLD access token:","service":"DLD_CLIENT","timestamp":"2025-05-30T19:45:00.644Z"}
{"level":"error","message":"DLD API request failed for /v1/market/summary:","service":"DLD_CLIENT","timestamp":"2025-05-30T19:45:00.645Z"}
{"level":"error","message":"Error fetching market summary:","service":"DLD_CLIENT","timestamp":"2025-05-30T19:45:00.645Z"}
{"level":"error","message":"Error scraping Bayut listings:","name":"Error","service":"BAYUT_ENHANCED","timestamp":"2025-05-30T19:45:00.672Z"}
{"level":"error","message":"Error getting market statistics:","name":"Error","service":"BAYUT_ENHANCED","timestamp":"2025-05-30T19:45:00.674Z"}
{"error":"browserType.launch: Executable doesn't exist at C:\\Users\\senth\\AppData\\Local\\ms-playwright\\chromium_headless_shell-1169\\chrome-win\\headless_shell.exe\n╔═════════════════════════════════════════════════════════════════════════╗\n║ Looks like Playwright Test or Playwright was just installed or updated. ║\n║ Please run the following command to download new browsers:              ║\n║                                                                         ║\n║     npx playwright install                                              ║\n║                                                                         ║\n║ <3 Playwright Team                                                      ║\n╚═════════════════════════════════════════════════════════════════════════╝","level":"error","message":"Failed to update Bayut data","service":"REAL_TIME_UPDATER","timestamp":"2025-05-30T19:45:00.681Z"}
{"level":"error","message":"Failed to get DLD access token:","service":"DLD_CLIENT","timestamp":"2025-05-30T19:45:01.611Z"}
{"level":"error","message":"DLD API request failed for /v1/analytics/top-areas:","service":"DLD_CLIENT","timestamp":"2025-05-30T19:45:01.612Z"}
{"level":"error","message":"Error fetching top areas:","service":"DLD_CLIENT","timestamp":"2025-05-30T19:45:01.613Z"}
{"level":"error","message":"Failed to get DLD access token:","service":"DLD_CLIENT","timestamp":"2025-05-30T19:45:02.621Z"}
{"level":"error","message":"DLD API request failed for /v1/analytics/top-developers:","service":"DLD_CLIENT","timestamp":"2025-05-30T19:45:02.622Z"}
{"level":"error","message":"Error fetching top developers:","service":"DLD_CLIENT","timestamp":"2025-05-30T19:45:02.622Z"}
{"level":"error","message":"Failed to get DLD access token:","service":"DLD_CLIENT","timestamp":"2025-05-30T20:00:00.249Z"}
{"level":"error","message":"DLD API request failed for /v1/market/summary:","service":"DLD_CLIENT","timestamp":"2025-05-30T20:00:00.251Z"}
{"level":"error","message":"Error fetching market summary:","service":"DLD_CLIENT","timestamp":"2025-05-30T20:00:00.252Z"}
{"level":"error","message":"Error scraping Bayut listings:","name":"Error","service":"BAYUT_ENHANCED","timestamp":"2025-05-30T20:00:00.281Z"}
{"level":"error","message":"Error getting market statistics:","name":"Error","service":"BAYUT_ENHANCED","timestamp":"2025-05-30T20:00:00.282Z"}
{"error":"browserType.launch: Executable doesn't exist at C:\\Users\\senth\\AppData\\Local\\ms-playwright\\chromium_headless_shell-1169\\chrome-win\\headless_shell.exe\n╔═════════════════════════════════════════════════════════════════════════╗\n║ Looks like Playwright Test or Playwright was just installed or updated. ║\n║ Please run the following command to download new browsers:              ║\n║                                                                         ║\n║     npx playwright install                                              ║\n║                                                                         ║\n║ <3 Playwright Team                                                      ║\n╚═════════════════════════════════════════════════════════════════════════╝","level":"error","message":"Failed to update Bayut data","service":"REAL_TIME_UPDATER","timestamp":"2025-05-30T20:00:00.290Z"}
{"level":"error","message":"Failed to get DLD access token:","service":"DLD_CLIENT","timestamp":"2025-05-30T20:00:01.225Z"}
{"level":"error","message":"DLD API request failed for /v1/analytics/top-areas:","service":"DLD_CLIENT","timestamp":"2025-05-30T20:00:01.229Z"}
{"level":"error","message":"Error fetching top areas:","service":"DLD_CLIENT","timestamp":"2025-05-30T20:00:01.230Z"}
{"level":"error","message":"Failed to get DLD access token:","service":"DLD_CLIENT","timestamp":"2025-05-30T20:00:02.227Z"}
{"level":"error","message":"DLD API request failed for /v1/analytics/top-developers:","service":"DLD_CLIENT","timestamp":"2025-05-30T20:00:02.228Z"}
{"level":"error","message":"Error fetching top developers:","service":"DLD_CLIENT","timestamp":"2025-05-30T20:00:02.229Z"}
{"level":"error","message":"Failed to get DLD access token:","service":"DLD_CLIENT","timestamp":"2025-05-30T20:00:33.462Z"}
{"level":"error","message":"DLD API request failed for /v1/market/summary:","service":"DLD_CLIENT","timestamp":"2025-05-30T20:00:33.463Z"}
{"level":"error","message":"Error fetching market summary:","service":"DLD_CLIENT","timestamp":"2025-05-30T20:00:33.463Z"}
{"level":"error","message":"Error scraping Bayut listings:","name":"Error","service":"BAYUT_ENHANCED","timestamp":"2025-05-30T20:00:33.490Z"}
{"level":"error","message":"Error getting market statistics:","name":"Error","service":"BAYUT_ENHANCED","timestamp":"2025-05-30T20:00:33.491Z"}
{"error":"browserType.launch: Executable doesn't exist at C:\\Users\\senth\\AppData\\Local\\ms-playwright\\chromium_headless_shell-1169\\chrome-win\\headless_shell.exe\n╔═════════════════════════════════════════════════════════════════════════╗\n║ Looks like Playwright Test or Playwright was just installed or updated. ║\n║ Please run the following command to download new browsers:              ║\n║                                                                         ║\n║     npx playwright install                                              ║\n║                                                                         ║\n║ <3 Playwright Team                                                      ║\n╚═════════════════════════════════════════════════════════════════════════╝","level":"error","message":"Failed to update Bayut data","service":"REAL_TIME_UPDATER","timestamp":"2025-05-30T20:00:33.495Z"}
{"level":"error","message":"Failed to get DLD access token:","service":"DLD_CLIENT","timestamp":"2025-05-30T20:00:34.458Z"}
{"level":"error","message":"DLD API request failed for /v1/analytics/top-areas:","service":"DLD_CLIENT","timestamp":"2025-05-30T20:00:34.459Z"}
{"level":"error","message":"Error fetching top areas:","service":"DLD_CLIENT","timestamp":"2025-05-30T20:00:34.459Z"}
{"level":"error","message":"Failed to get DLD access token:","service":"DLD_CLIENT","timestamp":"2025-05-30T20:00:35.468Z"}
{"level":"error","message":"DLD API request failed for /v1/analytics/top-developers:","service":"DLD_CLIENT","timestamp":"2025-05-30T20:00:35.468Z"}
{"level":"error","message":"Error fetching top developers:","service":"DLD_CLIENT","timestamp":"2025-05-30T20:00:35.469Z"}
{"developerName":"list","error":"dataCollector.getLatestData is not a function","level":"error","message":"Error fetching developer details","service":"DEVELOPER_ROUTES","timestamp":"2025-05-30T20:04:14.971Z"}
{"developerName":"list","error":"dataCollector.getLatestData is not a function","level":"error","message":"Error fetching developer details","service":"DEVELOPER_ROUTES","timestamp":"2025-05-30T20:07:16.678Z"}
{"level":"error","message":"Failed to get DLD access token:","service":"DLD_CLIENT","timestamp":"2025-05-30T20:11:09.197Z"}
{"level":"error","message":"DLD API request failed for /v1/market/summary:","service":"DLD_CLIENT","timestamp":"2025-05-30T20:11:09.200Z"}
{"level":"error","message":"Error fetching market summary:","service":"DLD_CLIENT","timestamp":"2025-05-30T20:11:09.201Z"}
{"level":"error","message":"Error scraping Bayut listings:","name":"Error","service":"BAYUT_ENHANCED","timestamp":"2025-05-30T20:11:09.244Z"}
{"level":"error","message":"Error getting market statistics:","name":"Error","service":"BAYUT_ENHANCED","timestamp":"2025-05-30T20:11:09.247Z"}
{"error":"browserType.launch: Executable doesn't exist at C:\\Users\\senth\\AppData\\Local\\ms-playwright\\chromium_headless_shell-1169\\chrome-win\\headless_shell.exe\n╔═════════════════════════════════════════════════════════════════════════╗\n║ Looks like Playwright Test or Playwright was just installed or updated. ║\n║ Please run the following command to download new browsers:              ║\n║                                                                         ║\n║     npx playwright install                                              ║\n║                                                                         ║\n║ <3 Playwright Team                                                      ║\n╚═════════════════════════════════════════════════════════════════════════╝","level":"error","message":"Failed to update Bayut data","service":"REAL_TIME_UPDATER","timestamp":"2025-05-30T20:11:09.250Z"}
{"level":"error","message":"Failed to get DLD access token:","service":"DLD_CLIENT","timestamp":"2025-05-30T20:11:10.183Z"}
{"level":"error","message":"DLD API request failed for /v1/analytics/top-areas:","service":"DLD_CLIENT","timestamp":"2025-05-30T20:11:10.184Z"}
{"level":"error","message":"Error fetching top areas:","service":"DLD_CLIENT","timestamp":"2025-05-30T20:11:10.185Z"}
{"level":"error","message":"Failed to get DLD access token:","service":"DLD_CLIENT","timestamp":"2025-05-30T20:11:11.198Z"}
{"level":"error","message":"DLD API request failed for /v1/analytics/top-developers:","service":"DLD_CLIENT","timestamp":"2025-05-30T20:11:11.199Z"}
{"level":"error","message":"Error fetching top developers:","service":"DLD_CLIENT","timestamp":"2025-05-30T20:11:11.200Z"}
